<?xml version="1.0" encoding="UTF-8"?>
<testng-results skipped="0" failed="0" total="0" passed="0">
  <reporter-output>
  </reporter-output>
  <suite name="Test automation regression suite" duration-ms="4" started-at="2020-10-14T10:01:30Z" finished-at="2020-10-14T10:01:30Z">
    <groups>
    </groups>
    <test name="fb-testcase" duration-ms="4" started-at="2020-10-14T10:01:30Z" finished-at="2020-10-14T10:01:30Z">
    </test> <!-- fb-testcase -->
    <test name="forloop-testcase" duration-ms="3" started-at="2020-10-14T10:01:30Z" finished-at="2020-10-14T10:01:30Z">
    </test> <!-- forloop-testcase -->
  </suite> <!-- Test automation regression suite -->
</testng-results>
