<?xml version="1.0" encoding="UTF-8"?>
<testng-results skipped="0" failed="0" total="1" passed="1">
  <reporter-output>
  </reporter-output>
  <suite name="Test automation regression suite" duration-ms="16303" started-at="2020-10-14T11:26:09Z" finished-at="2020-10-14T11:26:26Z">
    <groups>
    </groups>
    <test name="fb-testcase" duration-ms="16303" started-at="2020-10-14T11:26:09Z" finished-at="2020-10-14T11:26:26Z">
      <class name="com.tests.LaunchBrowser">
        <test-method status="PASS" signature="launch()[pri:0, instance:com.tests.LaunchBrowser@2acf57e3]" name="launch" duration-ms="16281" started-at="2020-10-14T16:56:09Z" finished-at="2020-10-14T16:56:26Z">
          <reporter-output>
          </reporter-output>
        </test-method> <!-- launch -->
      </class> <!-- com.tests.LaunchBrowser -->
    </test> <!-- fb-testcase -->
  </suite> <!-- Test automation regression suite -->
</testng-results>
